Build started 03.11.2012 15:43:00.
     1>Project "C:\Users\Bernhard\Documents\GitHub\SDP3_UE2\AdressManagment\AdressManagement\AdressManagement.vcxproj" on node 2 (build target(s)).
     1>InitializeBuildStatus:
         Touching "Debug\AdressManagement.unsuccessfulbuild".
       ClCompile:
         C:\Program Files (x86)\Microsoft Visual Studio 10.0\VC\bin\CL.exe /c /ZI /nologo /W3 /WX- /Od /Oy- /D WIN32 /D _DEBUG /D _CONSOLE /D _UNICODE /D UNICODE /Gm /EHsc /RTC1 /MDd /GS /fp:precise /Zc:wchar_t /Zc:forScope /Fo"Debug\\" /Fd"Debug\vc100.pdb" /Gd /TP /analyze- /errorReport:prompt Adress.cpp AdressManager.cpp AdressReader.cpp AsciiWriter.cpp HtmlWriter.cpp PersonReader.cpp
         AdressManager.cpp
     1>c:\users\bernhard\documents\github\sdp3_ue2\adressmanagment\adressmanagement\writer.h(21): error C2061: syntax error : identifier 'TAdresses'
         Generating Code...
         Compiling...
         AsciiWriter.cpp
     1>c:\users\bernhard\documents\github\sdp3_ue2\adressmanagment\adressmanagement\writer.h(21): error C2061: syntax error : identifier 'TAdresses'
     1>c:\users\bernhard\documents\github\sdp3_ue2\adressmanagment\adressmanagement\asciiwriter.h(11): error C2061: syntax error : identifier 'TAdresses'
     1>c:\users\bernhard\documents\github\sdp3_ue2\adressmanagment\adressmanagement\asciiwriter.cpp(7): error C2061: syntax error : identifier 'TAdresses'
         Generating Code...
         Compiling...
         HtmlWriter.cpp
     1>c:\users\bernhard\documents\github\sdp3_ue2\adressmanagment\adressmanagement\writer.h(21): error C2061: syntax error : identifier 'TAdresses'
     1>c:\users\bernhard\documents\github\sdp3_ue2\adressmanagment\adressmanagement\htmlwriter.h(11): error C2061: syntax error : identifier 'TAdresses'
     1>c:\users\bernhard\documents\github\sdp3_ue2\adressmanagment\adressmanagement\htmlwriter.cpp(7): error C2061: syntax error : identifier 'TAdresses'
         Generating Code...
         Skipping... (no relevant changes detected)
         PersonReader.cpp
         AdressReader.cpp
         Adress.cpp
     1>Done Building Project "C:\Users\Bernhard\Documents\GitHub\SDP3_UE2\AdressManagment\AdressManagement\AdressManagement.vcxproj" (build target(s)) -- FAILED.

Build FAILED.

Time Elapsed 00:00:00.82
